This is pdfTeX, Version 3.141592653-2.6-1.40.28 (TeX Live 2025) (preloaded format=pdflatex 2025.11.13)  21 APR 2026 17:40
entering extended mode
 restricted \write18 enabled.
 file:line:error style messages enabled.
 %&-line parsing enabled.
**"c:/Users/ggenelot/Nouveau dossier/modele_SIG/docs/templates/these-chapitre/template.tex"
(c:/Users/ggenelot/Nouveau dossier/modele_SIG/docs/templates/these-chapitre/template.tex
LaTeX2e <2025-11-01>
L3 programming layer <2025-10-24>
c:/Users/ggenelot/Nouveau dossier/modele_SIG/docs/templates/these-chapitre/template.tex:7: Illegal parameter number in definition of \reserved@a.
<to be read again> 
                   -
l.7 [#- if options.venue_footer == "biorxiv" #],
                                                biorxiv[# endif -#]
You meant to type ## instead of #, right?
Or maybe a } was forgotten somewhere earlier, and things
are all screwed up? I'm going to assume that you meant ##.

c:/Users/ggenelot/Nouveau dossier/modele_SIG/docs/templates/these-chapitre/template.tex:7: Illegal parameter number in definition of \reserved@a.
<to be read again> 
                   }
l.7 [#- if options.venue_footer == "biorxiv" #],
                                                biorxiv[# endif -#]
You meant to type ## instead of #, right?
Or maybe a } was forgotten somewhere earlier, and things
are all screwed up? I'm going to assume that you meant ##.

c:/Users/ggenelot/Nouveau dossier/modele_SIG/docs/templates/these-chapitre/template.tex:7: Illegal parameter number in definition of \reserved@b.
<to be read again> 
                   -
l.7 [#- if options.venue_footer == "biorxiv" #],
                                                biorxiv[# endif -#]
You meant to type ## instead of #, right?
Or maybe a } was forgotten somewhere earlier, and things
are all screwed up? I'm going to assume that you meant ##.

c:/Users/ggenelot/Nouveau dossier/modele_SIG/docs/templates/these-chapitre/template.tex:7: Illegal parameter number in definition of \reserved@b.
<to be read again> 
                   }
l.7 [#- if options.venue_footer == "biorxiv" #],
                                                biorxiv[# endif -#]
You meant to type ## instead of #, right?
Or maybe a } was forgotten somewhere earlier, and things
are all screwed up? I'm going to assume that you meant ##.

c:/Users/ggenelot/Nouveau dossier/modele_SIG/docs/templates/these-chapitre/template.tex:7: Illegal parameter number in definition of \@classoptionslist.
<to be read again> 
                   -
l.7 [#- if options.venue_footer == "biorxiv" #],b
                                                 iorxiv[# endif -#]
You meant to type ## instead of #, right?
Or maybe a } was forgotten somewhere earlier, and things
are all screwed up? I'm going to assume that you meant ##.

c:/Users/ggenelot/Nouveau dossier/modele_SIG/docs/templates/these-chapitre/template.tex:7: Illegal parameter number in definition of \@classoptionslist.
<to be read again> 
                   }
l.7 [#- if options.venue_footer == "biorxiv" #],b
                                                 iorxiv[# endif -#]
You meant to type ## instead of #, right?
Or maybe a } was forgotten somewhere earlier, and things
are all screwed up? I'm going to assume that you meant ##.

c:/Users/ggenelot/Nouveau dossier/modele_SIG/docs/templates/these-chapitre/template.tex:7: Illegal parameter number in definition of \@raw@classoptionslist.
<to be read again> 
                   -
l.7 [#- if options.venue_footer == "biorxiv" #],b
                                                 iorxiv[# endif -#]
You meant to type ## instead of #, right?
Or maybe a } was forgotten somewhere earlier, and things
are all screwed up? I'm going to assume that you meant ##.

c:/Users/ggenelot/Nouveau dossier/modele_SIG/docs/templates/these-chapitre/template.tex:7: Illegal parameter number in definition of \@raw@classoptionslist.
<to be read again> 
                   }
l.7 [#- if options.venue_footer == "biorxiv" #],b
                                                 iorxiv[# endif -#]
You meant to type ## instead of #, right?
Or maybe a } was forgotten somewhere earlier, and things
are all screwed up? I'm going to assume that you meant ##.

c:/Users/ggenelot/Nouveau dossier/modele_SIG/docs/templates/these-chapitre/template.tex:7: Illegal parameter number in definition of \reserved@a.
<to be read again> 
                   -
l.7 [#- if options.venue_footer == "biorxiv" #],b
                                                 iorxiv[# endif -#]
You meant to type ## instead of #, right?
Or maybe a } was forgotten somewhere earlier, and things
are all screwed up? I'm going to assume that you meant ##.

c:/Users/ggenelot/Nouveau dossier/modele_SIG/docs/templates/these-chapitre/template.tex:7: Illegal parameter number in definition of \reserved@a.
<to be read again> 
                   }
l.7 [#- if options.venue_footer == "biorxiv" #],b
                                                 iorxiv[# endif -#]
You meant to type ## instead of #, right?
Or maybe a } was forgotten somewhere earlier, and things
are all screwed up? I'm going to assume that you meant ##.

c:/Users/ggenelot/Nouveau dossier/modele_SIG/docs/templates/these-chapitre/template.tex:7: Illegal parameter number in definition of \reserved@a.
<to be read again> 
                   -
l.7 [#- if options.venue_footer == "biorxiv" #],b
                                                 iorxiv[# endif -#]
You meant to type ## instead of #, right?
Or maybe a } was forgotten somewhere earlier, and things
are all screwed up? I'm going to assume that you meant ##.

c:/Users/ggenelot/Nouveau dossier/modele_SIG/docs/templates/these-chapitre/template.tex:7: Illegal parameter number in definition of \reserved@a.
<to be read again> 
                   }
l.7 [#- if options.venue_footer == "biorxiv" #],b
                                                 iorxiv[# endif -#]
You meant to type ## instead of #, right?
Or maybe a } was forgotten somewhere earlier, and things
are all screwed up? I'm going to assume that you meant ##.


! LaTeX Error: File `,.cls' not found.

Type X to quit or <RETURN> to proceed,
or enter new name. (Default extension: cls)

Enter file name: 
c:/Users/ggenelot/Nouveau dossier/modele_SIG/docs/templates/these-chapitre/template.tex:7: Emergency stop.
<read *> 
         
l.7 [#- if options.venue_footer == "biorxiv" #],b
                                                 iorxiv[# endif -#]^^M
*** (cannot \read from terminal in nonstop modes)

 
Here is how much of TeX's memory you used:
 20 strings out of 468662
 625 string characters out of 5444563
 433736 words of memory out of 5000000
 28848 multiletter control sequences out of 15000+600000
 627721 words of font info for 40 fonts, out of 8000000 for 9000
 430 hyphenation exceptions out of 8191
 19i,0n,29p,188b,17s stack positions out of 10000i,1000n,20000p,200000b,200000s
c:/Users/ggenelot/Nouveau dossier/modele_SIG/docs/templates/these-chapitre/template.tex:7:  ==> Fatal error occurred, no output PDF file produced!
